<?xml version="1.0" encoding="UTF-8"?>
<testng-results skipped="0" failed="0" ignored="0" total="1" passed="1">
  <reporter-output>
    <line>
      <![CDATA[WebElement is present]]>
    </line>
  </reporter-output>
  <suite name="Suite" duration-ms="70847" started-at="2018-08-25T09:30:47Z" finished-at="2018-08-25T09:31:57Z">
    <groups>
    </groups>
    <test name="Test" duration-ms="70847" started-at="2018-08-25T09:30:47Z" finished-at="2018-08-25T09:31:57Z">
      <class name="actiTimeTest.ActiTimeHomeTest">
        <test-method status="PASS" signature="launch()[pri:0, instance:actiTimeTest.ActiTimeHomeTest@604ed9f0]" name="launch" is-config="true" duration-ms="4226" started-at="2018-08-25T09:30:47Z" finished-at="2018-08-25T09:30:51Z">
          <reporter-output>
          </reporter-output>
        </test-method> <!-- launch -->
        <test-method status="PASS" signature="testLogout()[pri:0, instance:actiTimeTest.ActiTimeHomeTest@604ed9f0]" name="testLogout" duration-ms="65861" started-at="2018-08-25T09:30:51Z" finished-at="2018-08-25T09:31:57Z">
          <reporter-output>
            <line>
              <![CDATA[WebElement is present]]>
            </line>
          </reporter-output>
        </test-method> <!-- testLogout -->
        <test-method status="PASS" signature="closeBrowser()[pri:0, instance:actiTimeTest.ActiTimeHomeTest@604ed9f0]" name="closeBrowser" is-config="true" duration-ms="737" started-at="2018-08-25T09:31:57Z" finished-at="2018-08-25T09:31:57Z">
          <reporter-output>
          </reporter-output>
        </test-method> <!-- closeBrowser -->
      </class> <!-- actiTimeTest.ActiTimeHomeTest -->
    </test> <!-- Test -->
  </suite> <!-- Suite -->
</testng-results>
