<?xml version="1.0" encoding="UTF-8"?>
<!-- Generated by org.testng.reporters.JUnitXMLReporter -->
<testsuite hostname="LAPTOP-KRC4FANK" ignored="0" name="Default test" tests="3" failures="0" timestamp="19 Aug 2018 10:04:38 GMT" time="42.31" errors="0">
  <testcase name="testValidCredentials" time="12.844" classname="actiTimeTest.TestLogin"/>
  <testcase name="testInvalidUn" time="8.069" classname="actiTimeTest.TestLogin"/>
  <testcase name="testInvalidPw" time="7.63" classname="actiTimeTest.TestLogin"/>
</testsuite> <!-- Default test -->
